[debug] [2022-12-04T02:43:20.250Z] ----------------------------------------------------------------------
[debug] [2022-12-04T02:43:20.252Z] Command:       C:\Program Files\nodejs\node.exe C:\Users\duncb\AppData\Roaming\npm\node_modules\firebase-tools\lib\bin\firebase.js init
[debug] [2022-12-04T02:43:20.253Z] CLI Version:   11.16.1
[debug] [2022-12-04T02:43:20.253Z] Platform:      win32
[debug] [2022-12-04T02:43:20.253Z] Node Version:  v18.2.0
[debug] [2022-12-04T02:43:20.254Z] Time:          Sat Dec 03 2022 21:43:20 GMT-0500 (Eastern Standard Time)
[debug] [2022-12-04T02:43:20.254Z] ----------------------------------------------------------------------
[debug] 
[debug] [2022-12-04T02:43:20.258Z] >>> [apiv2][query] GET https://firebase-public.firebaseio.com/cli.json [none]
[debug] [2022-12-04T02:43:20.327Z] > command requires scopes: ["email","openid","https://www.googleapis.com/auth/cloudplatformprojects.readonly","https://www.googleapis.com/auth/firebase","https://www.googleapis.com/auth/cloud-platform"]
[debug] [2022-12-04T02:43:20.327Z] > authorizing via signed-in user (duncbh@hotmail.com)
[info] 
     ######## #### ########  ######## ########     ###     ######  ########
     ##        ##  ##     ## ##       ##     ##  ##   ##  ##       ##
     ######    ##  ########  ######   ########  #########  ######  ######
     ##        ##  ##    ##  ##       ##     ## ##     ##       ## ##
     ##       #### ##     ## ######## ########  ##     ##  ######  ########

You're about to initialize a Firebase project in this directory:

  C:\OKKORO\Firebase Exercise 1\exercise-1

Before we get started, keep in mind:

  * You are currently outside your home directory

[debug] [2022-12-04T02:43:20.852Z] <<< [apiv2][status] GET https://firebase-public.firebaseio.com/cli.json 200
[debug] [2022-12-04T02:43:20.853Z] <<< [apiv2][body] GET https://firebase-public.firebaseio.com/cli.json {"cloudBuildErrorAfter":1594252800000,"cloudBuildWarnAfter":1590019200000,"defaultNode10After":1594252800000,"minVersion":"3.0.5","node8DeploysDisabledAfter":1613390400000,"node8RuntimeDisabledAfter":1615809600000,"node8WarnAfter":1600128000000}
